# IPython log file

%run "C:\Users\AriagnoC18\Desktop\1.4.7-Project\main.py"
test()
%cd "C:\Users\AriagnoC18\Desktop\1.4.7-Project"
%run "C:\Users\AriagnoC18\Desktop\1.4.7-Project\main.py"
%cd "C:\Users\AriagnoC18\Desktop\1.4.7-Project"
test()
%run "C:\Users\AriagnoC18\Desktop\1.4.7-Project\main.py"
test()
%run "C:\Users\AriagnoC18\Desktop\1.4.7-Project\main.py"
test()
%run "C:\Users\AriagnoC18\Desktop\1.4.7-Project\main.py"
test()
%run "C:\Users\AriagnoC18\Desktop\1.4.7-Project\main.py"
test()
%run "C:\Users\AriagnoC18\Desktop\1.4.7-Project\main.py"
%run "C:\Users\AriagnoC18\Desktop\1.4.7-Project\main.py"
test()
%run "C:\Users\AriagnoC18\Desktop\1.4.7-Project\main.py"
test()
%run "C:\Users\AriagnoC18\Desktop\1.4.7-Project\main.py"
%run "C:\Users\AriagnoC18\Desktop\1.4.7-Project\main.py"
%run "C:\Users\AriagnoC18\Desktop\1.4.7-Project\main.py"
%run "C:\Users\AriagnoC18\Desktop\1.4.7-Project\main.py"
%run "C:\Users\AriagnoC18\Desktop\1.4.7-Project\main.py"
%run "C:\Users\AriagnoC18\Desktop\1.4.7-Project\main.py"
%run "C:\Users\AriagnoC18\Desktop\1.4.7-Project\main.py"
%run "C:\Users\AriagnoC18\Desktop\1.4.7-Project\main.py"
%run "C:\Users\AriagnoC18\Desktop\1.4.7-Project\main.py"
%run "C:\Users\AriagnoC18\Desktop\1.4.7-Project\main.py"
# Wed, 10 Feb 2016 09:33:50
%run "C:\Users\AriagnoC18\Desktop\1.4.7-Project\main.py"# Wed, 10 Feb 2016 09:34:00
%run "C:\Users\AriagnoC18\Desktop\1.4.7-Project\main.py"# Wed, 10 Feb 2016 09:34:10
%run "C:\Users\AriagnoC18\Desktop\1.4.7-Project\main.py"# Wed, 10 Feb 2016 09:35:11
%run "C:\Users\AriagnoC18\Desktop\1.4.7-Project\main.py"# Wed, 10 Feb 2016 09:35:53
%run "C:\Users\AriagnoC18\Desktop\1.4.7-Project\main.py"# Wed, 10 Feb 2016 09:35:54
%run "C:\Users\AriagnoC18\Desktop\1.4.7-Project\main.py"# Wed, 10 Feb 2016 09:35:54
%run "C:\Users\AriagnoC18\Desktop\1.4.7-Project\main.py"# Wed, 10 Feb 2016 09:35:55
%run "C:\Users\AriagnoC18\Desktop\1.4.7-Project\main.py"# Wed, 10 Feb 2016 09:35:55
%run "C:\Users\AriagnoC18\Desktop\1.4.7-Project\main.py"# Wed, 10 Feb 2016 09:35:55
%run "C:\Users\AriagnoC18\Desktop\1.4.7-Project\main.py"# Wed, 10 Feb 2016 09:35:55
%run "C:\Users\AriagnoC18\Desktop\1.4.7-Project\main.py"# Wed, 10 Feb 2016 09:35:55
%run "C:\Users\AriagnoC18\Desktop\1.4.7-Project\main.py"# Wed, 10 Feb 2016 09:35:55
%run "C:\Users\AriagnoC18\Desktop\1.4.7-Project\main.py"# Wed, 10 Feb 2016 09:35:56
%run "C:\Users\AriagnoC18\Desktop\1.4.7-Project\main.py"# Wed, 10 Feb 2016 09:35:56
%run "C:\Users\AriagnoC18\Desktop\1.4.7-Project\main.py"# Wed, 10 Feb 2016 09:36:02
%run "C:\Users\AriagnoC18\Desktop\1.4.7-Project\main.py"# Wed, 10 Feb 2016 09:36:34
%run "C:\Users\AriagnoC18\Desktop\1.4.7-Project\main.py"# Wed, 10 Feb 2016 09:36:38
%run "C:\Users\AriagnoC18\Desktop\1.4.7-Project\main.py"# Wed, 10 Feb 2016 09:37:14
%run "C:\Users\AriagnoC18\Desktop\1.4.7-Project\main.py"# Wed, 10 Feb 2016 09:37:20
%run "C:\Users\AriagnoC18\Desktop\1.4.7-Project\main.py"# Wed, 10 Feb 2016 09:37:24
%run "C:\Users\AriagnoC18\Desktop\1.4.7-Project\main.py"# Wed, 10 Feb 2016 09:40:27
%run "C:\Users\AriagnoC18\Desktop\1.4.7-Project\main.py"# Wed, 10 Feb 2016 09:41:11
%run "C:\Users\AriagnoC18\Desktop\1.4.7-Project\main.py"# Wed, 10 Feb 2016 09:42:11
%run "C:\Users\AriagnoC18\Desktop\1.4.7-Project\main.py"# Wed, 10 Feb 2016 09:42:24
%run "C:\Users\AriagnoC18\Desktop\1.4.7-Project\main.py"# Wed, 10 Feb 2016 09:42:35
%run "C:\Users\AriagnoC18\Desktop\1.4.7-Project\main.py"# Wed, 10 Feb 2016 09:42:36
%logstart -ort 1.4.7-ITSLIT.log
# Wed, 10 Feb 2016 09:42:40
test()
# Wed, 10 Feb 2016 09:43:04
%run "C:\Users\AriagnoC18\Desktop\1.4.7-Project\main.py"# Wed, 10 Feb 2016 09:43:05
test()
# Wed, 10 Feb 2016 09:43:13
%run "C:\Users\AriagnoC18\Desktop\1.4.7-Project\main.py"# Wed, 10 Feb 2016 09:43:14
test()
# Wed, 10 Feb 2016 09:55:28
%run "C:\Users\AriagnoC18\Desktop\1.4.7-Project\main.py"# Wed, 10 Feb 2016 09:55:29
test()
# Wed, 10 Feb 2016 09:56:43
%run "C:\Users\AriagnoC18\Desktop\1.4.7-Project\main.py"# Wed, 10 Feb 2016 09:56:49
%run "C:\Users\AriagnoC18\Desktop\1.4.7-Project\main.py"# Wed, 10 Feb 2016 09:56:52
test()
# Wed, 10 Feb 2016 09:57:02
%run "C:\Users\AriagnoC18\Desktop\1.4.7-Project\main.py"# Wed, 10 Feb 2016 09:57:03
test()
# Wed, 10 Feb 2016 09:57:12
%run "C:\Users\AriagnoC18\Desktop\1.4.7-Project\main.py"# Wed, 10 Feb 2016 09:57:13
test()
# Wed, 10 Feb 2016 09:57:23
%run "C:\Users\AriagnoC18\Desktop\1.4.7-Project\main.py"# Wed, 10 Feb 2016 09:57:23
test()
# Wed, 10 Feb 2016 09:57:28
%run "C:\Users\AriagnoC18\Desktop\1.4.7-Project\main.py"# Wed, 10 Feb 2016 09:57:33
%run "C:\Users\AriagnoC18\Desktop\1.4.7-Project\main.py"# Wed, 10 Feb 2016 09:57:33
test()
# Wed, 10 Feb 2016 09:57:50
%run "C:\Users\AriagnoC18\Desktop\1.4.7-Project\main.py"# Wed, 10 Feb 2016 09:57:51
test()
# Wed, 10 Feb 2016 09:58:01
%run "C:\Users\AriagnoC18\Desktop\1.4.7-Project\main.py"# Wed, 10 Feb 2016 09:58:02
test()
# Wed, 10 Feb 2016 09:58:25
%run "C:\Users\AriagnoC18\Desktop\1.4.7-Project\main.py"# Wed, 10 Feb 2016 09:58:26
test()
# Wed, 10 Feb 2016 09:58:57
%run "C:\Users\AriagnoC18\Desktop\1.4.7-Project\main.py"# Wed, 10 Feb 2016 09:58:58
test()
# Wed, 10 Feb 2016 10:00:07
%run "C:\Users\AriagnoC18\Desktop\1.4.7-Project\main.py"# Wed, 10 Feb 2016 10:00:08
test()
# Wed, 10 Feb 2016 10:00:13
%run "C:\Users\AriagnoC18\Desktop\1.4.7-Project\main.py"# Wed, 10 Feb 2016 10:00:14
test()
# Wed, 10 Feb 2016 10:02:38
test()
# Wed, 10 Feb 2016 10:02:44
%run "C:\Users\AriagnoC18\Desktop\1.4.7-Project\main.py"# Wed, 10 Feb 2016 10:02:45
test()
# Wed, 10 Feb 2016 10:03:41
%run "C:\Users\AriagnoC18\Desktop\1.4.7-Project\main.py"# Wed, 10 Feb 2016 10:03:41
test()
# Wed, 10 Feb 2016 10:05:44
%run "C:\Users\AriagnoC18\Desktop\1.4.7-Project\main.py"# Wed, 10 Feb 2016 10:05:45
test()
# Wed, 10 Feb 2016 10:06:48
%run "C:\Users\AriagnoC18\Desktop\1.4.7-Project\main.py"# Wed, 10 Feb 2016 10:06:49
test()
# Wed, 10 Feb 2016 10:07:06
%run "C:\Users\AriagnoC18\Desktop\1.4.7-Project\main.py"# Wed, 10 Feb 2016 10:07:07
test()
# Wed, 10 Feb 2016 10:07:19
test()
# Wed, 10 Feb 2016 10:07:46
%run "C:\Users\AriagnoC18\Desktop\1.4.7-Project\main.py"# Wed, 10 Feb 2016 10:07:47
test()
# Wed, 10 Feb 2016 10:08:07
%run "C:\Users\AriagnoC18\Desktop\1.4.7-Project\main.py"# Wed, 10 Feb 2016 10:08:08
test()
# Wed, 10 Feb 2016 10:10:12
%run "C:\Users\AriagnoC18\Desktop\1.4.7-Project\main.py"# Wed, 10 Feb 2016 10:10:13
test()
# Wed, 10 Feb 2016 10:10:45
%run "C:\Users\AriagnoC18\Desktop\1.4.7-Project\main.py"# Wed, 10 Feb 2016 10:10:46
test()
# Wed, 10 Feb 2016 10:19:57
%run "C:\Users\AriagnoC18\Desktop\1.4.7-Project\main.py"# Wed, 10 Feb 2016 10:19:58
test()
# Wed, 10 Feb 2016 10:20:10
%run "C:\Users\AriagnoC18\Desktop\1.4.7-Project\main.py"# Wed, 10 Feb 2016 10:20:11
test()
# Wed, 10 Feb 2016 10:20:37
%run "C:\Users\AriagnoC18\Desktop\1.4.7-Project\main.py"# Wed, 10 Feb 2016 10:20:38
test()
# Wed, 10 Feb 2016 10:20:52
%run "C:\Users\AriagnoC18\Desktop\1.4.7-Project\main.py"# Wed, 10 Feb 2016 10:20:53
test()
# Wed, 10 Feb 2016 10:22:06
%run "C:\Users\AriagnoC18\Desktop\1.4.7-Project\main.py"# Wed, 10 Feb 2016 10:22:07
test()
# Wed, 10 Feb 2016 10:22:13
%run "C:\Users\AriagnoC18\Desktop\1.4.7-Project\main.py"# Wed, 10 Feb 2016 10:22:14
test()
# Wed, 10 Feb 2016 10:22:37
%run "C:\Users\AriagnoC18\Desktop\1.4.7-Project\main.py"# Wed, 10 Feb 2016 10:22:38
test()
# Wed, 10 Feb 2016 10:24:32
%run "C:\Users\AriagnoC18\Desktop\1.4.7-Project\main.py"# Wed, 10 Feb 2016 10:24:33
test()
# Wed, 10 Feb 2016 10:24:45
%run "C:\Users\AriagnoC18\Desktop\1.4.7-Project\main.py"# Wed, 10 Feb 2016 10:24:46
test()
# Wed, 10 Feb 2016 10:24:52
%run "C:\Users\AriagnoC18\Desktop\1.4.7-Project\main.py"# Wed, 10 Feb 2016 10:24:53
test()
# Wed, 10 Feb 2016 10:24:57
%run "C:\Users\AriagnoC18\Desktop\1.4.7-Project\main.py"# Wed, 10 Feb 2016 10:24:58
test()
# Wed, 10 Feb 2016 10:25:01
%run "C:\Users\AriagnoC18\Desktop\1.4.7-Project\main.py"# Wed, 10 Feb 2016 10:25:02
test()
# Wed, 10 Feb 2016 10:25:17
%run "C:\Users\AriagnoC18\Desktop\1.4.7-Project\main.py"# Wed, 10 Feb 2016 10:25:18
test()
# Wed, 10 Feb 2016 10:26:51
%run "C:\Users\AriagnoC18\Desktop\1.4.7-Project\main.py"# Wed, 10 Feb 2016 10:26:52
test()
# Wed, 10 Feb 2016 10:26:57
%run "C:\Users\AriagnoC18\Desktop\1.4.7-Project\main.py"# Wed, 10 Feb 2016 10:26:58
%run "C:\Users\AriagnoC18\Desktop\1.4.7-Project\main.py"
# Wed, 10 Feb 2016 10:27:01
test()
# Wed, 10 Feb 2016 10:27:07
%run "C:\Users\AriagnoC18\Desktop\1.4.7-Project\main.py"# Wed, 10 Feb 2016 10:27:08
test()
# Wed, 10 Feb 2016 10:27:24
%run "C:\Users\AriagnoC18\Desktop\1.4.7-Project\main.py"# Wed, 10 Feb 2016 10:27:25
test()
# Wed, 10 Feb 2016 10:27:32
%run "C:\Users\AriagnoC18\Desktop\1.4.7-Project\main.py"# Wed, 10 Feb 2016 10:27:33
test()
# Wed, 10 Feb 2016 10:27:36
%run "C:\Users\AriagnoC18\Desktop\1.4.7-Project\main.py"# Wed, 10 Feb 2016 10:27:37
test()
# Wed, 10 Feb 2016 10:27:43
%run "C:\Users\AriagnoC18\Desktop\1.4.7-Project\main.py"# Wed, 10 Feb 2016 10:27:44
test()
# Wed, 10 Feb 2016 10:27:49
%run "C:\Users\AriagnoC18\Desktop\1.4.7-Project\main.py"# Wed, 10 Feb 2016 10:27:49
test()
# Wed, 10 Feb 2016 10:27:57
%run "C:\Users\AriagnoC18\Desktop\1.4.7-Project\main.py"